<?xml version="1.0" encoding="UTF-8"?>
<!-- Generated by org.testng.reporters.JUnitReportReporter -->
<testsuite hostname="Ryans-MBP" failures="0" tests="1" name="runners.TestRunnerNode1" time="3.331" errors="0" timestamp="2020-12-06T21:44:43 GMT" skipped="0">
  <testcase classname="runners.TestRunnerNode1" name="runScenario" time="3.331"/>
  <system-out/>
</testsuite> <!-- runners.TestRunnerNode1 -->
