<?xml version="1.0" encoding="UTF-8"?>
<!-- Generated by org.testng.reporters.JUnitReportReporter -->
<testsuite hostname="Ryans-MBP" failures="0" tests="1" name="runners.TestRunnerNode2" time="2.530" errors="0" timestamp="2020-12-06T21:44:43 GMT" skipped="0">
  <testcase classname="runners.TestRunnerNode2" name="runScenario" time="2.530"/>
  <system-out/>
</testsuite> <!-- runners.TestRunnerNode2 -->
