<?xml version="1.0" encoding="UTF-8"?>
<!-- Generated by org.testng.reporters.JUnitReportReporter -->
<testsuite hostname="Ryans-MBP" failures="0" tests="1" name="runners.TestRunnerNode2" time="2.766" errors="0" timestamp="2020-12-05T17:25:29 GMT" skipped="0">
  <testcase classname="runners.TestRunnerNode2" name="runScenario" time="2.766"/>
  <system-out/>
</testsuite> <!-- runners.TestRunnerNode2 -->
