<?xml version="1.0" encoding="UTF-8"?>
<!-- Generated by org.testng.reporters.JUnitReportReporter -->
<testsuite skipped="0" hostname="Ryans-MBP" name="runners.TestRunnerNode2" tests="1" failures="0" timestamp="2020-12-05T09:47:14 GMT" time="3.789" errors="0">
  <testcase name="runScenario" time="3.789" classname="runners.TestRunnerNode2"/>
  <system-out/>
</testsuite> <!-- runners.TestRunnerNode2 -->
