<?xml version="1.0" encoding="UTF-8"?>
<!-- Generated by org.testng.reporters.JUnitReportReporter -->
<testsuite hostname="Ryans-MBP" failures="0" tests="1" name="runners.TestRunnerNode1" time="3.271" errors="0" timestamp="2020-12-05T17:25:29 GMT" skipped="0">
  <testcase classname="runners.TestRunnerNode1" name="runScenario" time="3.271"/>
  <system-out/>
</testsuite> <!-- runners.TestRunnerNode1 -->
